# JRE version: OpenJDK Runtime Environment Temurin-17.0.7+7 (17.0.7+7) (build 17.0.7+7)
# Java VM: OpenJDK 64-Bit Server VM Temurin-17.0.7+7 (17.0.7+7, mixed mode, tiered, compressed oops, compressed class ptrs, parallel gc, windows-amd64)
GC Precious Log:
 CPUs: 6 total, 6 available
 Memory: 7579M
 Large Page Support: Disabled
 NUMA Support: Disabled
 Compressed Oops: Enabled (32-bit)
 Alignments: Space 512K, Generation 512K, Heap 2M
 Heap Min Capacity: 100M
 Heap Initial Capacity: 100M
 Heap Max Capacity: 1G
 Pre-touch: Disabled
 Parallel Workers: 6
Heap:
 PSYoungGen      total 4096K, used 3728K [0x00000000eab00000, 0x00000000eb100000, 0x0000000100000000)
  eden space 3072K, 100% used [0x00000000eab00000,0x00000000eae00000,0x00000000eae00000)
  from space 1024K, 64% used [0x00000000eb000000,0x00000000eb0a4010,0x00000000eb100000)
  to   space 1024K, 73% used [0x00000000eaf00000,0x00000000eafbc010,0x00000000eb000000)
 ParOldGen       total 230912K, used 230767K [0x00000000c0000000, 0x00000000ce180000, 0x00000000eab00000)
  object space 230912K, 99% used [0x00000000c0000000,0x00000000ce15bef0,0x00000000ce180000)
 Metaspace       used 83449K, committed 84608K, reserved 1179648K
  class space    used 8603K, committed 9088K, reserved 1048576K
GC Heap History (20 events):
Event: 2853.422 GC heap after
{Heap after GC invocations=623 (full 17):
 PSYoungGen      total 3584K, used 672K [0x00000000eab00000, 0x00000000eaf80000, 0x0000000100000000)
  eden space 2048K, 0% used [0x00000000eab00000,0x00000000eab00000,0x00000000ead00000)
  from space 1536K, 43% used [0x00000000ead00000,0x00000000eada8000,0x00000000eae80000)
  to   space 1024K, 0% used [0x00000000eae80000,0x00000000eae80000,0x00000000eaf80000)
 ParOldGen       total 230912K, used 225891K [0x00000000c0000000, 0x00000000ce180000, 0x00000000eab00000)
  object space 230912K, 97% used [0x00000000c0000000,0x00000000cdc98c70,0x00000000ce180000)
 Metaspace       used 83383K, committed 84544K, reserved 1179648K
  class space    used 8602K, committed 9088K, reserved 1048576K
}
Event: 2853.749 GC heap before
{Heap before GC invocations=624 (full 17):
 PSYoungGen      total 3584K, used 2720K [0x00000000eab00000, 0x00000000eaf80000, 0x0000000100000000)
  eden space 2048K, 100% used [0x00000000eab00000,0x00000000ead00000,0x00000000ead00000)
  from space 1536K, 43% used [0x00000000ead00000,0x00000000eada8000,0x00000000eae80000)
  to   space 1024K, 0% used [0x00000000eae80000,0x00000000eae80000,0x00000000eaf80000)
 ParOldGen       total 230912K, used 225891K [0x00000000c0000000, 0x00000000ce180000, 0x00000000eab00000)
  object space 230912K, 97% used [0x00000000c0000000,0x00000000cdc98c70,0x00000000ce180000)
 Metaspace       used 83383K, committed 84544K, reserved 1179648K
  class space    used 8602K, committed 9088K, reserved 1048576K
}
Event: 2853.751 GC heap after
{Heap after GC invocations=624 (full 17):
 PSYoungGen      total 3072K, used 224K [0x00000000eab00000, 0x00000000eaf00000, 0x0000000100000000)
  eden space 2560K, 0% used [0x00000000eab00000,0x00000000eab00000,0x00000000ead80000)
  from space 512K, 43% used [0x00000000eae80000,0x00000000eaeb8000,0x00000000eaf00000)
  to   space 512K, 0% used [0x00000000eae00000,0x00000000eae00000,0x00000000eae80000)
 ParOldGen       total 230912K, used 226483K [0x00000000c0000000, 0x00000000ce180000, 0x00000000eab00000)
  object space 230912K, 98% used [0x00000000c0000000,0x00000000cdd2cc90,0x00000000ce180000)
 Metaspace       used 83383K, committed 84544K, reserved 1179648K
  class space    used 8602K, committed 9088K, reserved 1048576K
}
Event: 2908.147 GC heap before
{Heap before GC invocations=625 (full 17):
 PSYoungGen      total 3072K, used 2784K [0x00000000eab00000, 0x00000000eaf00000, 0x0000000100000000)
  eden space 2560K, 100% used [0x00000000eab00000,0x00000000ead80000,0x00000000ead80000)
  from space 512K, 43% used [0x00000000eae80000,0x00000000eaeb8000,0x00000000eaf00000)
  to   space 512K, 0% used [0x00000000eae00000,0x00000000eae00000,0x00000000eae80000)
 ParOldGen       total 230912K, used 226483K [0x00000000c0000000, 0x00000000ce180000, 0x00000000eab00000)
  object space 230912K, 98% used [0x00000000c0000000,0x00000000cdd2cc90,0x00000000ce180000)
 Metaspace       used 83396K, committed 84544K, reserved 1179648K
  class space    used 8602K, committed 9088K, reserved 1048576K
}
Event: 2908.148 GC heap after
{Heap after GC invocations=625 (full 17):
 PSYoungGen      total 3584K, used 480K [0x00000000eab00000, 0x00000000eb000000, 0x0000000100000000)
  eden space 3072K, 0% used [0x00000000eab00000,0x00000000eab00000,0x00000000eae00000)
  from space 512K, 93% used [0x00000000eae00000,0x00000000eae78000,0x00000000eae80000)
  to   space 1024K, 0% used [0x00000000eaf00000,0x00000000eaf00000,0x00000000eb000000)
 ParOldGen       total 230912K, used 226603K [0x00000000c0000000, 0x00000000ce180000, 0x00000000eab00000)
  object space 230912K, 98% used [0x00000000c0000000,0x00000000cdd4ac90,0x00000000ce180000)
 Metaspace       used 83396K, committed 84544K, reserved 1179648K
  class space    used 8602K, committed 9088K, reserved 1048576K
}
Event: 2908.971 GC heap before
{Heap before GC invocations=626 (full 17):
 PSYoungGen      total 3584K, used 3552K [0x00000000eab00000, 0x00000000eb000000, 0x0000000100000000)
  eden space 3072K, 100% used [0x00000000eab00000,0x00000000eae00000,0x00000000eae00000)
  from space 512K, 93% used [0x00000000eae00000,0x00000000eae78000,0x00000000eae80000)
  to   space 1024K, 0% used [0x00000000eaf00000,0x00000000eaf00000,0x00000000eb000000)
 ParOldGen       total 230912K, used 226603K [0x00000000c0000000, 0x00000000ce180000, 0x00000000eab00000)
  object space 230912K, 98% used [0x00000000c0000000,0x00000000cdd4ac90,0x00000000ce180000)
 Metaspace       used 83396K, committed 84544K, reserved 1179648K
  class space    used 8602K, committed 9088K, reserved 1048576K
}
Event: 2908.973 GC heap after
{Heap after GC invocations=626 (full 17):
 PSYoungGen      total 4096K, used 800K [0x00000000eab00000, 0x00000000eb000000, 0x0000000100000000)
  eden space 3072K, 0% used [0x00000000eab00000,0x00000000eab00000,0x00000000eae00000)
  from space 1024K, 78% used [0x00000000eaf00000,0x00000000eafc8000,0x00000000eb000000)
  to   space 1024K, 0% used [0x00000000eae00000,0x00000000eae00000,0x00000000eaf00000)
 ParOldGen       total 230912K, used 227008K [0x00000000c0000000, 0x00000000ce180000, 0x00000000eab00000)
  object space 230912K, 98% used [0x00000000c0000000,0x00000000cddb0130,0x00000000ce180000)
 Metaspace       used 83396K, committed 84544K, reserved 1179648K
  class space    used 8602K, committed 9088K, reserved 1048576K
}
Event: 2909.262 GC heap before
{Heap before GC invocations=627 (full 17):
 PSYoungGen      total 4096K, used 3872K [0x00000000eab00000, 0x00000000eb000000, 0x0000000100000000)
  eden space 3072K, 100% used [0x00000000eab00000,0x00000000eae00000,0x00000000eae00000)
  from space 1024K, 78% used [0x00000000eaf00000,0x00000000eafc8000,0x00000000eb000000)
  to   space 1024K, 0% used [0x00000000eae00000,0x00000000eae00000,0x00000000eaf00000)
 ParOldGen       total 230912K, used 227008K [0x00000000c0000000, 0x00000000ce180000, 0x00000000eab00000)
  object space 230912K, 98% used [0x00000000c0000000,0x00000000cddb0130,0x00000000ce180000)
 Metaspace       used 83397K, committed 84544K, reserved 1179648K
  class space    used 8602K, committed 9088K, reserved 1048576K
}
Event: 2909.263 GC heap after
{Heap after GC invocations=627 (full 17):
 PSYoungGen      total 4096K, used 288K [0x00000000eab00000, 0x00000000eaf80000, 0x0000000100000000)
  eden space 3072K, 0% used [0x00000000eab00000,0x00000000eab00000,0x00000000eae00000)
  from space 1024K, 28% used [0x00000000eae00000,0x00000000eae48000,0x00000000eaf00000)
  to   space 512K, 0% used [0x00000000eaf00000,0x00000000eaf00000,0x00000000eaf80000)
 ParOldGen       total 230912K, used 227693K [0x00000000c0000000, 0x00000000ce180000, 0x00000000eab00000)
  object space 230912K, 98% used [0x00000000c0000000,0x00000000cde5b5d0,0x00000000ce180000)
 Metaspace       used 83397K, committed 84544K, reserved 1179648K
  class space    used 8602K, committed 9088K, reserved 1048576K
}
Event: 2909.270 GC heap before
{Heap before GC invocations=628 (full 17):
 PSYoungGen      total 4096K, used 3360K [0x00000000eab00000, 0x00000000eaf80000, 0x0000000100000000)
  eden space 3072K, 100% used [0x00000000eab00000,0x00000000eae00000,0x00000000eae00000)
  from space 1024K, 28% used [0x00000000eae00000,0x00000000eae48000,0x00000000eaf00000)
  to   space 512K, 0% used [0x00000000eaf00000,0x00000000eaf00000,0x00000000eaf80000)
 ParOldGen       total 230912K, used 227693K [0x00000000c0000000, 0x00000000ce180000, 0x00000000eab00000)
  object space 230912K, 98% used [0x00000000c0000000,0x00000000cde5b5d0,0x00000000ce180000)
 Metaspace       used 83406K, committed 84544K, reserved 1179648K
  class space    used 8602K, committed 9088K, reserved 1048576K
}
Event: 2909.272 GC heap after
{Heap after GC invocations=628 (full 17):
 PSYoungGen      total 3584K, used 496K [0x00000000eab00000, 0x00000000eb000000, 0x0000000100000000)
  eden space 3072K, 0% used [0x00000000eab00000,0x00000000eab00000,0x00000000eae00000)
  from space 512K, 96% used [0x00000000eaf00000,0x00000000eaf7c010,0x00000000eaf80000)
  to   space 1024K, 0% used [0x00000000eae00000,0x00000000eae00000,0x00000000eaf00000)
 ParOldGen       total 230912K, used 227845K [0x00000000c0000000, 0x00000000ce180000, 0x00000000eab00000)
  object space 230912K, 98% used [0x00000000c0000000,0x00000000cde815d0,0x00000000ce180000)
 Metaspace       used 83406K, committed 84544K, reserved 1179648K
  class space    used 8602K, committed 9088K, reserved 1048576K
}
Event: 2909.562 GC heap before
{Heap before GC invocations=629 (full 17):
 PSYoungGen      total 3584K, used 3568K [0x00000000eab00000, 0x00000000eb000000, 0x0000000100000000)
  eden space 3072K, 100% used [0x00000000eab00000,0x00000000eae00000,0x00000000eae00000)
  from space 512K, 96% used [0x00000000eaf00000,0x00000000eaf7c010,0x00000000eaf80000)
  to   space 1024K, 0% used [0x00000000eae00000,0x00000000eae00000,0x00000000eaf00000)
 ParOldGen       total 230912K, used 227845K [0x00000000c0000000, 0x00000000ce180000, 0x00000000eab00000)
  object space 230912K, 98% used [0x00000000c0000000,0x00000000cde815d0,0x00000000ce180000)
 Metaspace       used 83408K, committed 84544K, reserved 1179648K
  class space    used 8602K, committed 9088K, reserved 1048576K
}
Event: 2909.564 GC heap after
{Heap after GC invocations=629 (full 17):
 PSYoungGen      total 4096K, used 1022K [0x00000000eab00000, 0x00000000eb300000, 0x0000000100000000)
  eden space 3072K, 0% used [0x00000000eab00000,0x00000000eab00000,0x00000000eae00000)
  from space 1024K, 99% used [0x00000000eae00000,0x00000000eaeff800,0x00000000eaf00000)
  to   space 2560K, 0% used [0x00000000eb080000,0x00000000eb080000,0x00000000eb300000)
 ParOldGen       total 230912K, used 228938K [0x00000000c0000000, 0x00000000ce180000, 0x00000000eab00000)
  object space 230912K, 99% used [0x00000000c0000000,0x00000000cdf92a70,0x00000000ce180000)
 Metaspace       used 83408K, committed 84544K, reserved 1179648K
  class space    used 8602K, committed 9088K, reserved 1048576K
}
Event: 2909.572 GC heap before
{Heap before GC invocations=630 (full 17):
 PSYoungGen      total 4096K, used 4094K [0x00000000eab00000, 0x00000000eb300000, 0x0000000100000000)
  eden space 3072K, 100% used [0x00000000eab00000,0x00000000eae00000,0x00000000eae00000)
  from space 1024K, 99% used [0x00000000eae00000,0x00000000eaeff800,0x00000000eaf00000)
  to   space 2560K, 0% used [0x00000000eb080000,0x00000000eb080000,0x00000000eb300000)
 ParOldGen       total 230912K, used 228938K [0x00000000c0000000, 0x00000000ce180000, 0x00000000eab00000)
  object space 230912K, 99% used [0x00000000c0000000,0x00000000cdf92a70,0x00000000ce180000)
 Metaspace       used 83408K, committed 84544K, reserved 1179648K
  class space    used 8602K, committed 9088K, reserved 1048576K
}
Event: 2909.574 GC heap after
{Heap after GC invocations=630 (full 17):
 PSYoungGen      total 3584K, used 512K [0x00000000eab00000, 0x00000000eb100000, 0x0000000100000000)
  eden space 3072K, 0% used [0x00000000eab00000,0x00000000eab00000,0x00000000eae00000)
  from space 512K, 100% used [0x00000000eb080000,0x00000000eb100000,0x00000000eb100000)
  to   space 1536K, 0% used [0x00000000eae00000,0x00000000eae00000,0x00000000eaf80000)
 ParOldGen       total 230912K, used 229319K [0x00000000c0000000, 0x00000000ce180000, 0x00000000eab00000)
  object space 230912K, 99% used [0x00000000c0000000,0x00000000cdff1ef0,0x00000000ce180000)
 Metaspace       used 83408K, committed 84544K, reserved 1179648K
  class space    used 8602K, committed 9088K, reserved 1048576K
}
Event: 2910.001 GC heap before
{Heap before GC invocations=631 (full 17):
 PSYoungGen      total 3584K, used 3584K [0x00000000eab00000, 0x00000000eb100000, 0x0000000100000000)
  eden space 3072K, 100% used [0x00000000eab00000,0x00000000eae00000,0x00000000eae00000)
  from space 512K, 100% used [0x00000000eb080000,0x00000000eb100000,0x00000000eb100000)
  to   space 1536K, 0% used [0x00000000eae00000,0x00000000eae00000,0x00000000eaf80000)
 ParOldGen       total 230912K, used 229319K [0x00000000c0000000, 0x00000000ce180000, 0x00000000eab00000)
  object space 230912K, 99% used [0x00000000c0000000,0x00000000cdff1ef0,0x00000000ce180000)
 Metaspace       used 83422K, committed 84544K, reserved 1179648K
  class space    used 8602K, committed 9088K, reserved 1048576K
}
Event: 2910.002 GC heap after
{Heap after GC invocations=631 (full 17):
 PSYoungGen      total 4608K, used 608K [0x00000000eab00000, 0x00000000eb100000, 0x0000000100000000)
  eden space 3072K, 0% used [0x00000000eab00000,0x00000000eab00000,0x00000000eae00000)
  from space 1536K, 39% used [0x00000000eae00000,0x00000000eae98000,0x00000000eaf80000)
  to   space 1024K, 0% used [0x00000000eb000000,0x00000000eb000000,0x00000000eb100000)
 ParOldGen       total 230912K, used 229718K [0x00000000c0000000, 0x00000000ce180000, 0x00000000eab00000)
  object space 230912K, 99% used [0x00000000c0000000,0x00000000ce055bf0,0x00000000ce180000)
 Metaspace       used 83422K, committed 84544K, reserved 1179648K
  class space    used 8602K, committed 9088K, reserved 1048576K
}
Event: 2910.189 GC heap before
{Heap before GC invocations=632 (full 17):
 PSYoungGen      total 4608K, used 3680K [0x00000000eab00000, 0x00000000eb100000, 0x0000000100000000)
  eden space 3072K, 100% used [0x00000000eab00000,0x00000000eae00000,0x00000000eae00000)
  from space 1536K, 39% used [0x00000000eae00000,0x00000000eae98000,0x00000000eaf80000)
  to   space 1024K, 0% used [0x00000000eb000000,0x00000000eb000000,0x00000000eb100000)
 ParOldGen       total 230912K, used 229718K [0x00000000c0000000, 0x00000000ce180000, 0x00000000eab00000)
  object space 230912K, 99% used [0x00000000c0000000,0x00000000ce055bf0,0x00000000ce180000)
 Metaspace       used 83425K, committed 84544K, reserved 1179648K
  class space    used 8602K, committed 9088K, reserved 1048576K
}
Event: 2910.191 GC heap after
{Heap after GC invocations=632 (full 17):
 PSYoungGen      total 4096K, used 656K [0x00000000eab00000, 0x00000000eb100000, 0x0000000100000000)
  eden space 3072K, 0% used [0x00000000eab00000,0x00000000eab00000,0x00000000eae00000)
  from space 1024K, 64% used [0x00000000eb000000,0x00000000eb0a4010,0x00000000eb100000)
  to   space 1024K, 0% used [0x00000000eaf00000,0x00000000eaf00000,0x00000000eb000000)
 ParOldGen       total 230912K, used 230273K [0x00000000c0000000, 0x00000000ce180000, 0x00000000eab00000)
  object space 230912K, 99% used [0x00000000c0000000,0x00000000ce0e0490,0x00000000ce180000)
 Metaspace       used 83425K, committed 84544K, reserved 1179648K
  class space    used 8602K, committed 9088K, reserved 1048576K
}
Event: 2910.575 GC heap before
{Heap before GC invocations=633 (full 17):
 PSYoungGen      total 4096K, used 3728K [0x00000000eab00000, 0x00000000eb100000, 0x0000000100000000)
  eden space 3072K, 100% used [0x00000000eab00000,0x00000000eae00000,0x00000000eae00000)
  from space 1024K, 64% used [0x00000000eb000000,0x00000000eb0a4010,0x00000000eb100000)
  to   space 1024K, 0% used [0x00000000eaf00000,0x00000000eaf00000,0x00000000eb000000)
 ParOldGen       total 230912K, used 230273K [0x00000000c0000000, 0x00000000ce180000, 0x00000000eab00000)
  object space 230912K, 99% used [0x00000000c0000000,0x00000000ce0e0490,0x00000000ce180000)
 Metaspace       used 83449K, committed 84608K, reserved 1179648K
  class space    used 8603K, committed 9088K, reserved 1048576K
}

