# JRE version: OpenJDK Runtime Environment Temurin-17.0.7+7 (17.0.7+7) (build 17.0.7+7)
# Java VM: OpenJDK 64-Bit Server VM Temurin-17.0.7+7 (17.0.7+7, mixed mode, tiered, compressed oops, compressed class ptrs, parallel gc, windows-amd64)
GC Precious Log:
 CPUs: 6 total, 6 available
 Memory: 7579M
 Large Page Support: Disabled
 NUMA Support: Disabled
 Compressed Oops: Enabled (32-bit)
 Alignments: Space 512K, Generation 512K, Heap 2M
 Heap Min Capacity: 100M
 Heap Initial Capacity: 100M
 Heap Max Capacity: 1G
 Pre-touch: Disabled
 Parallel Workers: 6
Heap:
 PSYoungGen      total 7168K, used 512K [0x00000000eab00000, 0x00000000ebc80000, 0x0000000100000000)
  eden space 6656K, 0% used [0x00000000eab00000,0x00000000eab00000,0x00000000eb180000)
  from space 512K, 100% used [0x00000000eb580000,0x00000000eb600000,0x00000000eb600000)
  to   space 4096K, 0% used [0x00000000eb180000,0x00000000eb180000,0x00000000eb580000)
 ParOldGen       total 226816K, used 225474K [0x00000000c0000000, 0x00000000cdd80000, 0x00000000eab00000)
  object space 226816K, 99% used [0x00000000c0000000,0x00000000cdc30ba0,0x00000000cdd80000)
 Metaspace       used 90356K, committed 91392K, reserved 1179648K
  class space    used 9005K, committed 9472K, reserved 1048576K
GC Heap History (20 events):
Event: 9382.309 GC heap after
{Heap after GC invocations=7170 (full 199):
 PSYoungGen      total 9728K, used 1120K [0x00000000eab00000, 0x00000000eb600000, 0x0000000100000000)
  eden space 8192K, 0% used [0x00000000eab00000,0x00000000eab00000,0x00000000eb300000)
  from space 1536K, 72% used [0x00000000eb300000,0x00000000eb418000,0x00000000eb480000)
  to   space 1536K, 0% used [0x00000000eb480000,0x00000000eb480000,0x00000000eb600000)
 ParOldGen       total 225280K, used 213815K [0x00000000c0000000, 0x00000000cdc00000, 0x00000000eab00000)
  object space 225280K, 94% used [0x00000000c0000000,0x00000000cd0cde40,0x00000000cdc00000)
 Metaspace       used 90356K, committed 91392K, reserved 1179648K
  class space    used 9005K, committed 9472K, reserved 1048576K
}
Event: 9382.316 GC heap before
{Heap before GC invocations=7171 (full 199):
 PSYoungGen      total 9728K, used 8101K [0x00000000eab00000, 0x00000000eb600000, 0x0000000100000000)
  eden space 8192K, 85% used [0x00000000eab00000,0x00000000eb1d1730,0x00000000eb300000)
  from space 1536K, 72% used [0x00000000eb300000,0x00000000eb418000,0x00000000eb480000)
  to   space 1536K, 0% used [0x00000000eb480000,0x00000000eb480000,0x00000000eb600000)
 ParOldGen       total 225280K, used 213815K [0x00000000c0000000, 0x00000000cdc00000, 0x00000000eab00000)
  object space 225280K, 94% used [0x00000000c0000000,0x00000000cd0cde40,0x00000000cdc00000)
 Metaspace       used 90356K, committed 91392K, reserved 1179648K
  class space    used 9005K, committed 9472K, reserved 1048576K
}
Event: 9382.318 GC heap after
{Heap after GC invocations=7171 (full 199):
 PSYoungGen      total 8704K, used 160K [0x00000000eab00000, 0x00000000eb500000, 0x0000000100000000)
  eden space 8192K, 0% used [0x00000000eab00000,0x00000000eab00000,0x00000000eb300000)
  from space 512K, 31% used [0x00000000eb480000,0x00000000eb4a8000,0x00000000eb500000)
  to   space 1024K, 0% used [0x00000000eb300000,0x00000000eb300000,0x00000000eb400000)
 ParOldGen       total 225280K, used 214842K [0x00000000c0000000, 0x00000000cdc00000, 0x00000000eab00000)
  object space 225280K, 95% used [0x00000000c0000000,0x00000000cd1cebd0,0x00000000cdc00000)
 Metaspace       used 90356K, committed 91392K, reserved 1179648K
  class space    used 9005K, committed 9472K, reserved 1048576K
}
Event: 9382.327 GC heap before
{Heap before GC invocations=7172 (full 199):
 PSYoungGen      total 8704K, used 7969K [0x00000000eab00000, 0x00000000eb500000, 0x0000000100000000)
  eden space 8192K, 95% used [0x00000000eab00000,0x00000000eb2a0418,0x00000000eb300000)
  from space 512K, 31% used [0x00000000eb480000,0x00000000eb4a8000,0x00000000eb500000)
  to   space 1024K, 0% used [0x00000000eb300000,0x00000000eb300000,0x00000000eb400000)
 ParOldGen       total 225280K, used 214842K [0x00000000c0000000, 0x00000000cdc00000, 0x00000000eab00000)
  object space 225280K, 95% used [0x00000000c0000000,0x00000000cd1cebd0,0x00000000cdc00000)
 Metaspace       used 90356K, committed 91392K, reserved 1179648K
  class space    used 9005K, committed 9472K, reserved 1048576K
}
Event: 9382.329 GC heap after
{Heap after GC invocations=7172 (full 199):
 PSYoungGen      total 9216K, used 544K [0x00000000eab00000, 0x00000000eb680000, 0x0000000100000000)
  eden space 8192K, 0% used [0x00000000eab00000,0x00000000eab00000,0x00000000eb300000)
  from space 1024K, 53% used [0x00000000eb300000,0x00000000eb388000,0x00000000eb400000)
  to   space 1024K, 0% used [0x00000000eb580000,0x00000000eb580000,0x00000000eb680000)
 ParOldGen       total 225280K, used 214914K [0x00000000c0000000, 0x00000000cdc00000, 0x00000000eab00000)
  object space 225280K, 95% used [0x00000000c0000000,0x00000000cd1e0bd0,0x00000000cdc00000)
 Metaspace       used 90356K, committed 91392K, reserved 1179648K
  class space    used 9005K, committed 9472K, reserved 1048576K
}
Event: 9382.339 GC heap before
{Heap before GC invocations=7173 (full 199):
 PSYoungGen      total 9216K, used 8679K [0x00000000eab00000, 0x00000000eb680000, 0x0000000100000000)
  eden space 8192K, 99% used [0x00000000eab00000,0x00000000eb2f1f08,0x00000000eb300000)
  from space 1024K, 53% used [0x00000000eb300000,0x00000000eb388000,0x00000000eb400000)
  to   space 1024K, 0% used [0x00000000eb580000,0x00000000eb580000,0x00000000eb680000)
 ParOldGen       total 225280K, used 214914K [0x00000000c0000000, 0x00000000cdc00000, 0x00000000eab00000)
  object space 225280K, 95% used [0x00000000c0000000,0x00000000cd1e0bd0,0x00000000cdc00000)
 Metaspace       used 90356K, committed 91392K, reserved 1179648K
  class space    used 9005K, committed 9472K, reserved 1048576K
}
Event: 9382.340 GC heap after
{Heap after GC invocations=7173 (full 199):
 PSYoungGen      total 10240K, used 192K [0x00000000eab00000, 0x00000000eb600000, 0x0000000100000000)
  eden space 9728K, 0% used [0x00000000eab00000,0x00000000eab00000,0x00000000eb480000)
  from space 512K, 37% used [0x00000000eb580000,0x00000000eb5b0000,0x00000000eb600000)
  to   space 512K, 0% used [0x00000000eb500000,0x00000000eb500000,0x00000000eb580000)
 ParOldGen       total 225280K, used 218290K [0x00000000c0000000, 0x00000000cdc00000, 0x00000000eab00000)
  object space 225280K, 96% used [0x00000000c0000000,0x00000000cd52c850,0x00000000cdc00000)
 Metaspace       used 90356K, committed 91392K, reserved 1179648K
  class space    used 9005K, committed 9472K, reserved 1048576K
}
Event: 9382.351 GC heap before
{Heap before GC invocations=7174 (full 199):
 PSYoungGen      total 10240K, used 9779K [0x00000000eab00000, 0x00000000eb600000, 0x0000000100000000)
  eden space 9728K, 98% used [0x00000000eab00000,0x00000000eb45cd28,0x00000000eb480000)
  from space 512K, 37% used [0x00000000eb580000,0x00000000eb5b0000,0x00000000eb600000)
  to   space 512K, 0% used [0x00000000eb500000,0x00000000eb500000,0x00000000eb580000)
 ParOldGen       total 225280K, used 218290K [0x00000000c0000000, 0x00000000cdc00000, 0x00000000eab00000)
  object space 225280K, 96% used [0x00000000c0000000,0x00000000cd52c850,0x00000000cdc00000)
 Metaspace       used 90356K, committed 91392K, reserved 1179648K
  class space    used 9005K, committed 9472K, reserved 1048576K
}
Event: 9382.352 GC heap after
{Heap after GC invocations=7174 (full 199):
 PSYoungGen      total 10240K, used 505K [0x00000000eab00000, 0x00000000eb680000, 0x0000000100000000)
  eden space 9728K, 0% used [0x00000000eab00000,0x00000000eab00000,0x00000000eb480000)
  from space 512K, 98% used [0x00000000eb500000,0x00000000eb57e560,0x00000000eb580000)
  to   space 1024K, 0% used [0x00000000eb580000,0x00000000eb580000,0x00000000eb680000)
 ParOldGen       total 225280K, used 219842K [0x00000000c0000000, 0x00000000cdc00000, 0x00000000eab00000)
  object space 225280K, 97% used [0x00000000c0000000,0x00000000cd6b08a0,0x00000000cdc00000)
 Metaspace       used 90356K, committed 91392K, reserved 1179648K
  class space    used 9005K, committed 9472K, reserved 1048576K
}
Event: 9382.366 GC heap before
{Heap before GC invocations=7175 (full 199):
 PSYoungGen      total 10240K, used 10233K [0x00000000eab00000, 0x00000000eb680000, 0x0000000100000000)
  eden space 9728K, 99% used [0x00000000eab00000,0x00000000eb47ff80,0x00000000eb480000)
  from space 512K, 98% used [0x00000000eb500000,0x00000000eb57e560,0x00000000eb580000)
  to   space 1024K, 0% used [0x00000000eb580000,0x00000000eb580000,0x00000000eb680000)
 ParOldGen       total 225280K, used 219842K [0x00000000c0000000, 0x00000000cdc00000, 0x00000000eab00000)
  object space 225280K, 97% used [0x00000000c0000000,0x00000000cd6b08a0,0x00000000cdc00000)
 Metaspace       used 90356K, committed 91392K, reserved 1179648K
  class space    used 9005K, committed 9472K, reserved 1048576K
}
Event: 9382.367 GC heap after
{Heap after GC invocations=7175 (full 199):
 PSYoungGen      total 10752K, used 885K [0x00000000eab00000, 0x00000000eb680000, 0x0000000100000000)
  eden space 9728K, 0% used [0x00000000eab00000,0x00000000eab00000,0x00000000eb480000)
  from space 1024K, 86% used [0x00000000eb580000,0x00000000eb65d650,0x00000000eb680000)
  to   space 1024K, 0% used [0x00000000eb480000,0x00000000eb480000,0x00000000eb580000)
 ParOldGen       total 225280K, used 221337K [0x00000000c0000000, 0x00000000cdc00000, 0x00000000eab00000)
  object space 225280K, 98% used [0x00000000c0000000,0x00000000cd8266e0,0x00000000cdc00000)
 Metaspace       used 90356K, committed 91392K, reserved 1179648K
  class space    used 9005K, committed 9472K, reserved 1048576K
}
Event: 9382.377 GC heap before
{Heap before GC invocations=7176 (full 199):
 PSYoungGen      total 10752K, used 10510K [0x00000000eab00000, 0x00000000eb680000, 0x0000000100000000)
  eden space 9728K, 98% used [0x00000000eab00000,0x00000000eb466260,0x00000000eb480000)
  from space 1024K, 86% used [0x00000000eb580000,0x00000000eb65d650,0x00000000eb680000)
  to   space 1024K, 0% used [0x00000000eb480000,0x00000000eb480000,0x00000000eb580000)
 ParOldGen       total 225280K, used 221337K [0x00000000c0000000, 0x00000000cdc00000, 0x00000000eab00000)
  object space 225280K, 98% used [0x00000000c0000000,0x00000000cd8266e0,0x00000000cdc00000)
 Metaspace       used 90356K, committed 91392K, reserved 1179648K
  class space    used 9005K, committed 9472K, reserved 1048576K
}
Event: 9382.378 GC heap after
{Heap after GC invocations=7176 (full 199):
 PSYoungGen      total 10752K, used 96K [0x00000000eab00000, 0x00000000eb600000, 0x0000000100000000)
  eden space 9728K, 0% used [0x00000000eab00000,0x00000000eab00000,0x00000000eb480000)
  from space 1024K, 9% used [0x00000000eb480000,0x00000000eb498000,0x00000000eb580000)
  to   space 512K, 0% used [0x00000000eb580000,0x00000000eb580000,0x00000000eb600000)
 ParOldGen       total 225280K, used 221920K [0x00000000c0000000, 0x00000000cdc00000, 0x00000000eab00000)
  object space 225280K, 98% used [0x00000000c0000000,0x00000000cd8b8060,0x00000000cdc00000)
 Metaspace       used 90356K, committed 91392K, reserved 1179648K
  class space    used 9005K, committed 9472K, reserved 1048576K
}
Event: 9382.387 GC heap before
{Heap before GC invocations=7177 (full 199):
 PSYoungGen      total 10752K, used 8403K [0x00000000eab00000, 0x00000000eb600000, 0x0000000100000000)
  eden space 9728K, 85% used [0x00000000eab00000,0x00000000eb31cce8,0x00000000eb480000)
  from space 1024K, 9% used [0x00000000eb480000,0x00000000eb498000,0x00000000eb580000)
  to   space 512K, 0% used [0x00000000eb580000,0x00000000eb580000,0x00000000eb600000)
 ParOldGen       total 225280K, used 221920K [0x00000000c0000000, 0x00000000cdc00000, 0x00000000eab00000)
  object space 225280K, 98% used [0x00000000c0000000,0x00000000cd8b8060,0x00000000cdc00000)
 Metaspace       used 90356K, committed 91392K, reserved 1179648K
  class space    used 9005K, committed 9472K, reserved 1048576K
}
Event: 9382.388 GC heap after
{Heap after GC invocations=7177 (full 199):
 PSYoungGen      total 10240K, used 512K [0x00000000eab00000, 0x00000000eb680000, 0x0000000100000000)
  eden space 9728K, 0% used [0x00000000eab00000,0x00000000eab00000,0x00000000eb480000)
  from space 512K, 100% used [0x00000000eb580000,0x00000000eb600000,0x00000000eb600000)
  to   space 1024K, 0% used [0x00000000eb480000,0x00000000eb480000,0x00000000eb580000)
 ParOldGen       total 225280K, used 221992K [0x00000000c0000000, 0x00000000cdc00000, 0x00000000eab00000)
  object space 225280K, 98% used [0x00000000c0000000,0x00000000cd8ca060,0x00000000cdc00000)
 Metaspace       used 90356K, committed 91392K, reserved 1179648K
  class space    used 9005K, committed 9472K, reserved 1048576K
}
Event: 9382.399 GC heap before
{Heap before GC invocations=7178 (full 199):
 PSYoungGen      total 10240K, used 9641K [0x00000000eab00000, 0x00000000eb680000, 0x0000000100000000)
  eden space 9728K, 93% used [0x00000000eab00000,0x00000000eb3ea490,0x00000000eb480000)
  from space 512K, 100% used [0x00000000eb580000,0x00000000eb600000,0x00000000eb600000)
  to   space 1024K, 0% used [0x00000000eb480000,0x00000000eb480000,0x00000000eb580000)
 ParOldGen       total 225280K, used 221992K [0x00000000c0000000, 0x00000000cdc00000, 0x00000000eab00000)
  object space 225280K, 98% used [0x00000000c0000000,0x00000000cd8ca060,0x00000000cdc00000)
 Metaspace       used 90356K, committed 91392K, reserved 1179648K
  class space    used 9005K, committed 9472K, reserved 1048576K
}
Event: 9382.400 GC heap after
{Heap after GC invocations=7178 (full 199):
 PSYoungGen      total 10752K, used 192K [0x00000000eab00000, 0x00000000eb600000, 0x0000000100000000)
  eden space 9728K, 0% used [0x00000000eab00000,0x00000000eab00000,0x00000000eb480000)
  from space 1024K, 18% used [0x00000000eb480000,0x00000000eb4b0000,0x00000000eb580000)
  to   space 512K, 0% used [0x00000000eb580000,0x00000000eb580000,0x00000000eb600000)
 ParOldGen       total 225280K, used 222493K [0x00000000c0000000, 0x00000000cdc00000, 0x00000000eab00000)
  object space 225280K, 98% used [0x00000000c0000000,0x00000000cd9474e0,0x00000000cdc00000)
 Metaspace       used 90356K, committed 91392K, reserved 1179648K
  class space    used 9005K, committed 9472K, reserved 1048576K
}
Event: 9382.411 GC heap before
{Heap before GC invocations=7179 (full 199):
 PSYoungGen      total 10752K, used 9897K [0x00000000eab00000, 0x00000000eb600000, 0x0000000100000000)
  eden space 9728K, 99% used [0x00000000eab00000,0x00000000eb47a4b8,0x00000000eb480000)
  from space 1024K, 18% used [0x00000000eb480000,0x00000000eb4b0000,0x00000000eb580000)
  to   space 512K, 0% used [0x00000000eb580000,0x00000000eb580000,0x00000000eb600000)
 ParOldGen       total 225280K, used 222493K [0x00000000c0000000, 0x00000000cdc00000, 0x00000000eab00000)
  object space 225280K, 98% used [0x00000000c0000000,0x00000000cd9474e0,0x00000000cdc00000)
 Metaspace       used 90356K, committed 91392K, reserved 1179648K
  class space    used 9005K, committed 9472K, reserved 1048576K
}
Event: 9382.413 GC heap after
{Heap after GC invocations=7179 (full 199):
 PSYoungGen      total 7168K, used 512K [0x00000000eab00000, 0x00000000ebc80000, 0x0000000100000000)
  eden space 6656K, 0% used [0x00000000eab00000,0x00000000eab00000,0x00000000eb180000)
  from space 512K, 100% used [0x00000000eb580000,0x00000000eb600000,0x00000000eb600000)
  to   space 4096K, 0% used [0x00000000eb180000,0x00000000eb180000,0x00000000eb580000)
 ParOldGen       total 226816K, used 225474K [0x00000000c0000000, 0x00000000cdd80000, 0x00000000eab00000)
  object space 226816K, 99% used [0x00000000c0000000,0x00000000cdc30ba0,0x00000000cdd80000)
 Metaspace       used 90356K, committed 91392K, reserved 1179648K
  class space    used 9005K, committed 9472K, reserved 1048576K
}
Event: 9382.413 GC heap before
{Heap before GC invocations=7180 (full 200):
 PSYoungGen      total 7168K, used 512K [0x00000000eab00000, 0x00000000ebc80000, 0x0000000100000000)
  eden space 6656K, 0% used [0x00000000eab00000,0x00000000eab00000,0x00000000eb180000)
  from space 512K, 100% used [0x00000000eb580000,0x00000000eb600000,0x00000000eb600000)
  to   space 4096K, 0% used [0x00000000eb180000,0x00000000eb180000,0x00000000eb580000)
 ParOldGen       total 226816K, used 225474K [0x00000000c0000000, 0x00000000cdd80000, 0x00000000eab00000)
  object space 226816K, 99% used [0x00000000c0000000,0x00000000cdc30ba0,0x00000000cdd80000)
 Metaspace       used 90356K, committed 91392K, reserved 1179648K
  class space    used 9005K, committed 9472K, reserved 1048576K
}

